16:21:24.534 INFO - Java: Apple Inc. 20.8-b03-424
16:21:24.535 INFO - OS: Mac OS X 10.7.4 x86_64
16:21:16:21:25.138 WARN - It looks like your baseUrl (http://localhost/jupiter/javascriptmvc/funcunit/syn/qunit.html?steal[browser]=selenium&steal[startFiles]=funcunit/selenium/client.js) is pointing to a file, not a directory (it doesn't end with a /).  We're going to have to strip off the last part of the pathname.
arted HttpContext[/selenium-server,/selenium-server]
16:21:24.676 INFO - Started HttpContext[/,/]
16:21:24.730 INFO - Started org.openqa.jetty.jetty.servlet.ServletHandler@1de4f7c2
16:21:24.730 INFO - Started HttpContext[/wd,/wd]
16:21:24.739 INFO - Started SocketListener on 0.0.0.0:4444
16:21:24.739 INFO - Started org.openqa.jetty.jetty.Server@35c0e45a
16:21:25.112 INFO - Checking Resource aliases
16:21:25.114 INFO - Checking Resource aliases
16:21:25.118 INFO - Command request: getNewBrowserSession[*firefox, http://localhost/jupiter/javascriptmvc/funcunit/syn/qunit.html?steal[browser]=selenium&steal[startFiles]=funcunit/selenium/client.js, ] on session null
16:21:25.120 INFO - creating new remote session
16:21:25.137 INFO - Allocated session b78668fe4fd74b44ad30e6a634b68c8a for http://localhost/jupiter/javascriptmvc/funcunit/syn/qunit.html?steal[browser]=selenium&steal[startFiles]=funcunit/selenium/client.js, launching...
16:21:25.194 INFO - Preparing Firefox profile...
16:21:27.153 INFO - Launching Firefox...
16:21:29.671 INFO - Got result: OK,b78668fe4fd74b44ad30e6a634b68c8a on session b78668fe4fd74b44ad30e6a634b68c8a
16:21:29.683 INFO - Command request: open[http://localhost/jupiter/javascriptmvc/funcunit/syn/qunit.html?steal[browser]=selenium&steal[startFiles]=funcunit/selenium/client.js, ] on session b78668fe4fd74b44ad30e6a634b68c8a
16:21:29.767 INFO - Got result: OK on session b78668fe4fd74b44ad30e6a634b68c8a
16:21:29.773 INFO - Command request: getEval[Selenium.getResult(), ] on session b78668fe4fd74b44ad30e6a634b68c8a
16:21:29.831 INFO - Got result: OK,[] on session b78668fe4fd74b44ad30e6a634b68c8a
16:21:30.186 INFO - Command request: getEval[Selenium.getResult(), ] on session b78668fe4fd74b44ad30e6a634b68c8a
16:21:30.200 INFO - Got result: OK,[{"type":"begin","data":{}},{"type":"moduleStart","data":{"name":"funcunit/syn"}},{"type":"testStart","data":{"name":"Selecting a select element","module":"funcunit/syn"}},{"type":"log","data":{"result":true,"message":"change called once"}},{"type":"log","data":{"result":true,"message":"Change Selected Index"}},{"type":"testDone","data":{"name":"Selecting a select element","module":"funcunit/syn","failed":0,"passed":0,"total":0}},{"type":"testStart","data":{"name":"scrollTop triggers scroll events","module":"funcunit/syn"}},{"type":"log","data":{"result":true,"message":"scrolling created just by changing ScrollTop"}},{"type":"testDone","data":{"name":"scrollTop triggers scroll events","module":"funcunit/syn","failed":0,"passed":0,"total":0}},{"type":"testStart","data":{"name":"focus triggers focus events","module":"funcunit/syn"}}] on session b78668fe4fd74b44ad30e6a634b68c8a
16:21:30.559 INFO - Command request: getEval[Selenium.getResult(), ] on session b78668fe4fd74b44ad30e6a634b68c8a
16:21:30.569 INFO - Got result: OK,[] on session b78668fe4fd74b44ad30e6a634b68c8a
16:21:30.925 INFO - Command request: getEval[Selenium.getResult(), ] on session b78668fe4fd74b44ad30e6a634b68c8a
16:21:30.936 INFO - Got result: OK,[] on session b78668fe4fd74b44ad30e6a634b68c8a
16:21:31.291 INFO - Command request: getEval[Selenium.getResult(), ] on session b78668fe4fd74b44ad30e6a634b68c8a
16:21:31.299 INFO - Got result: OK,[] on session b78668fe4fd74b44ad30e6a634b68c8a
16:21:31.655 INFO - Command request: getEval[Selenium.getResult(), ] on session b78668fe4fd74b44ad30e6a634b68c8a
16:21:31.668 INFO - Got result: OK,[] on session b78668fe4fd74b44ad30e6a634b68c8a
16:21:32.023 INFO - Command request: getEval[Selenium.getResult(), ] on session b78668fe4fd74b44ad30e6a634b68c8a
16:21:32.032 INFO - Got result: OK,[] on session b78668fe4fd74b44ad30e6a634b68c8a
16:21:32.389 INFO - Command request: getEval[Selenium.getResult(), ] on session b78668fe4fd74b44ad30e6a634b68c8a
16:21:32.397 INFO - Got result: OK,[] on session b78668fe4fd74b44ad30e6a634b68c8a
16:21:32.753 INFO - Command request: getEval[Selenium.getResult(), ] on session b78668fe4fd74b44ad30e6a634b68c8a
16:21:32.760 INFO - Got result: OK,[] on session b78668fe4fd74b44ad30e6a634b68c8a
16:21:33.116 INFO - Command request: getEval[Selenium.getResult(), ] on session b78668fe4fd74b44ad30e6a634b68c8a
16:21:33.123 INFO - Got result: OK,[] on session b78668fe4fd74b44ad30e6a634b68c8a
16:21:33.495 INFO - Command request: getEval[Selenium.getResult(), ] on session b78668fe4fd74b44ad30e6a634b68c8a
16:21:33.502 INFO - Got result: OK,[] on session b78668fe4fd74b44ad30e6a634b68c8a
16:21:33.857 INFO - Command request: getEval[Selenium.getResult(), ] on session b78668fe4fd74b44ad30e6a634b68c8a
16:21:33.863 INFO - Got result: OK,[] on session b78668fe4fd74b44ad30e6a634b68c8a
16:21:34.218 INFO - Command request: getEval[Selenium.getResult(), ] on session b78668fe4fd74b44ad30e6a634b68c8a
16:21:34.223 INFO - Got result: OK,[] on session b78668fe4fd74b44ad30e6a634b68c8a
16:21:34.579 INFO - Command request: getEval[Selenium.getResult(), ] on session b78668fe4fd74b44ad30e6a634b68c8a
16:21:34.586 INFO - Got result: OK,[] on session b78668fe4fd74b44ad30e6a634b68c8a
16:21:34.943 INFO - Command request: getEval[Selenium.getResult(), ] on session b78668fe4fd74b44ad30e6a634b68c8a
16:21:34.950 INFO - Got result: OK,[] on session b78668fe4fd74b44ad30e6a634b68c8a
16:21:35.306 INFO - Command request: getEval[Selenium.getResult(), ] on session b78668fe4fd74b44ad30e6a634b68c8a
16:21:35.314 INFO - Got result: OK,[] on session b78668fe4fd74b44ad30e6a634b68c8a
16:21:35.667 INFO - Command request: getEval[Selenium.getResult(), ] on session b78668fe4fd74b44ad30e6a634b68c8a
16:21:35.717 INFO - Got result: OK,[{"type":"log","data":{"result":true,"message":"focus creates event"}},{"type":"testDone","data":{"name":"focus triggers focus events","module":"funcunit/syn","failed":0,"passed":0,"total":0}},{"type":"testStart","data":{"name":"focus on an element then another in another page","module":"funcunit/syn"}},{"type":"testDone","data":{"name":"focus on an element then another in another page","module":"funcunit/syn","failed":0,"passed":0,"total":0}},{"type":"moduleDone","data":{"name":"funcunit/syn","failed":0,"passed":4,"total":4}},{"type":"moduleStart","data":{"name":"funcunit/synthetic/mouse"}},{"type":"testStart","data":{"name":"Syn basics","module":"funcunit/synthetic/mouse"}},{"type":"log","data":{"result":true,"message":"Syn exists"}},{"type":"log","data":{"result":true,"message":"Mouseover"}},{"type":"log","data":{"result":true,"message":"Mouseover on no event handlers"}},{"type":"testDone","data":{"name":"Syn basics","module":"funcunit/synthetic/mouse","failed":0,"passed":0,"total":0}},{"type":"testStart","data":{"name":"Click Forms","module":"funcunit/synthetic/mouse"}},{"type":"log","data":{"result":true,"message":"Click on submit"}},{"type":"log","data":{"result":true,"message":"Submit prevented"}},{"type":"log","data":{"result":true,"message":"Clicked"}},{"type":"testDone","data":{"name":"Click Forms","module":"funcunit/synthetic/mouse","failed":0,"passed":0,"total":0}},{"type":"testStart","data":{"name":"Click Checkboxes","module":"funcunit/synthetic/mouse"}},{"type":"log","data":{"result":true,"message":"click checks on"}},{"type":"log","data":{"result":true,"message":"click checks off"}},{"type":"testDone","data":{"name":"Click Checkboxes","module":"funcunit/synthetic/mouse","failed":0,"passed":0,"total":0}},{"type":"testStart","data":{"name":"Checkbox is checked on click","module":"funcunit/synthetic/mouse"}},{"type":"log","data":{"result":true,"message":"check is on during click"}},{"type":"testDone","data":{"name":"Checkbox is checked on click","module":"funcunit/synthetic/mouse","failed":0,"passed":0,"total":0}},{"type":"testStart","data":{"name":"Click Radio Buttons","module":"funcunit/synthetic/mouse"}},{"type":"log","data":{"result":true,"message":"radio event"}},{"type":"log","data":{"result":true,"message":"radio checked"}},{"type":"log","data":{"result":true,"message":"radio event"}},{"type":"log","data":{"result":true,"message":"radio checked"}},{"type":"log","data":{"result":true,"message":"radio unchecked"}},{"type":"testDone","data":{"name":"Click Radio Buttons","module":"funcunit/synthetic/mouse","failed":0,"passed":0,"total":0}},{"type":"testStart","data":{"name":"Click! Event Order","module":"funcunit/synthetic/mouse"}},{"type":"log","data":{"result":true,"message":"mousedown"}},{"type":"log","data":{"result":true,"message":"focus"}},{"type":"log","data":{"result":true,"message":"mouseup"}},{"type":"log","data":{"result":true,"message":"click"}},{"type":"testDone","data":{"name":"Click! Event Order","module":"funcunit/synthetic/mouse","failed":0,"passed":0,"total":0}},{"type":"testStart","data":{"name":"Click Anchor Runs HREF JavaScript","module":"funcunit/synthetic/mouse"}},{"type":"log","data":{"result":true,"message":"link href JS run"}},{"type":"testDone","data":{"name":"Click Anchor Runs HREF JavaScript","module":"funcunit/synthetic/mouse","failed":0,"passed":0,"total":0}},{"type":"testStart","data":{"name":"Click! Anchor has href","module":"funcunit/synthetic/mouse"}},{"type":"log","data":{"result":true,"message":"got href"}},{"type":"log","data":{"result":true,"message":"hash set ..."}},{"type":"testDone","data":{"name":"Click! Anchor has href","module":"funcunit/synthetic/mouse","failed":0,"passed":0,"total":0}},{"type":"testStart","data":{"name":"Click! Anchor Focuses","module":"funcunit/synthetic/mouse"}},{"type":"log","data":{"result":true,"message":"focused"}},{"type":"log","data":{"result":true,"message":"clicked"}},{"type":"testDone","data":{"name":"Click! Anchor Focuses","module":"funcunit/synthetic/mouse","failed":0,"passed":0,"total":0}},{"type":"testStart","data":{"name":"Click away causes Blur Change","module":"funcunit/synthetic/mouse"}},{"type":"log","data":{"result":true,"message":"Change called once"}},{"type":"log","data":{"result":true,"message":"Blur called once"}},{"type":"testDone","data":{"name":"Click away causes Blur Change","module":"funcunit/synthetic/mouse","failed":0,"passed":0,"total":0}},{"type":"testStart","data":{"name":"Click HTML causes blur  change","module":"funcunit/synthetic/mouse"}}] on session b78668fe4fd74b44ad30e6a634b68c8a
16:21:36.110 INFO - Command request: getEval[Selenium.getResult(), ] on session b78668fe4fd74b44ad30e6a634b68c8a
16:21:36.120 INFO - Got result: OK,[{"type":"log","data":{"result":true,"message":"Change called once"}},{"type":"testDone","data":{"name":"Click HTML causes blur  change","module":"funcunit/synthetic/mouse","failed":0,"passed":0,"total":0}},{"type":"testStart","data":{"name":"Right Click","module":"funcunit/synthetic/mouse"}},{"type":"log","data":{"result":true,"message":"context shouldn't be called in this browser"}},{"type":"testDone","data":{"name":"Right Click","module":"funcunit/synthetic/mouse","failed":0,"passed":0,"total":0}},{"type":"testStart","data":{"name":"Double Click","module":"funcunit/synthetic/mouse"}},{"type":"log","data":{"result":true,"message":"expected event sequence for doubleclick"}},{"type":"testDone","data":{"name":"Double Click","module":"funcunit/synthetic/mouse","failed":0,"passed":0,"total":0}},{"type":"testStart","data":{"name":"h3 click in popup","module":"funcunit/synthetic/mouse"}}] on session b78668fe4fd74b44ad30e6a634b68c8a
16:21:36.482 INFO - Command request: getEval[Selenium.getResult(), ] on session b78668fe4fd74b44ad30e6a634b68c8a
16:21:36.590 INFO - Got result: OK,[{"type":"log","data":{"result":true,"message":"h3 was clicked"}},{"type":"testDone","data":{"name":"h3 click in popup","module":"funcunit/synthetic/mouse","failed":0,"passed":0,"total":0}},{"type":"moduleDone","data":{"name":"funcunit/synthetic/mouse","failed":0,"passed":29,"total":29}},{"type":"moduleStart","data":{"name":"funcunit/synthetic/key"}},{"type":"testStart","data":{"name":"Key Characters","module":"funcunit/synthetic/key"}},{"type":"log","data":{"result":true,"message":"a written"}},{"type":"log","data":{"result":true,"message":"A written"}},{"type":"log","data":{"result":true,"message":"1 written"}},{"type":"testDone","data":{"name":"Key Characters","module":"funcunit/synthetic/key","failed":0,"passed":0,"total":0}},{"type":"testStart","data":{"name":"Key Event Order","module":"funcunit/synthetic/key"}}] on session b78668fe4fd74b44ad30e6a634b68c8a
16:21:36.956 INFO - Command request: getEval[Selenium.getResult(), ] on session b78668fe4fd74b44ad30e6a634b68c8a
16:21:36.971 INFO - Got result: OK,[{"type":"log","data":{"result":true,"message":"Key order is correct"}},{"type":"testDone","data":{"name":"Key Event Order","module":"funcunit/synthetic/key","failed":0,"passed":0,"total":0}},{"type":"testStart","data":{"name":"Key \\r Submits Forms","module":"funcunit/synthetic/key"}},{"type":"log","data":{"result":true,"message":"submit on keypress"}},{"type":"testDone","data":{"name":"Key \\r Submits Forms","module":"funcunit/synthetic/key","failed":0,"passed":0,"total":0}},{"type":"testStart","data":{"name":"Key \\r Clicks Links","module":"funcunit/synthetic/key"}},{"type":"log","data":{"result":true,"message":"clicked"}},{"type":"testDone","data":{"name":"Key \\r Clicks Links","module":"funcunit/synthetic/key","failed":0,"passed":0,"total":0}},{"type":"testStart","data":{"name":"Key \\r Adds Newline in Textarea","module":"funcunit/synthetic/key"}},{"type":"log","data":{"result":true,"message":"typed new line correctly"}},{"type":"testDone","data":{"name":"Key \\r Adds Newline in Textarea","module":"funcunit/synthetic/key","failed":0,"passed":0,"total":0}},{"type":"testStart","data":{"name":"Key \\b","module":"funcunit/synthetic/key"}},{"type":"log","data":{"result":true,"message":"abc written"}},{"type":"log","data":{"result":true,"message":"ab written (key deleted)"}},{"type":"testDone","data":{"name":"Key \\b","module":"funcunit/synthetic/key","failed":0,"passed":0,"total":0}},{"type":"testStart","data":{"name":"Key Character Order","module":"funcunit/synthetic/key"}},{"type":"log","data":{"result":true,"message":"Up Typing works"}},{"type":"log","data":{"result":true,"message":"Press Typing works"}},{"type":"log","data":{"result":true,"message":"Down Typing works"}},{"type":"testDone","data":{"name":"Key Character Order","module":"funcunit/synthetic/key","failed":0,"passed":0,"total":0}},{"type":"testStart","data":{"name":"page down, page up, home, end","module":"funcunit/synthetic/key"}},{"type":"log","data":{"result":true,"message":"Moved down"}},{"type":"log","data":{"result":true,"message":"Moved back up (page-up)"}},{"type":"log","data":{"result":true,"message":"Moved to the end"}},{"type":"log","data":{"result":true,"message":"Moved back up (home)"}},{"type":"testDone","data":{"name":"page down, page up, home, end","module":"funcunit/synthetic/key","failed":0,"passed":0,"total":0}},{"type":"testStart","data":{"name":"range tests","module":"funcunit/synthetic/key"}},{"type":"log","data":{"result":true,"message":"delete range works"}},{"type":"log","data":{"result":true,"message":"delete works"}},{"type":"log","data":{"result":true,"message":"character range works"}},{"type":"log","data":{"result":true,"message":"character insertion works"}},{"type":"log","data":{"result":true,"message":"backspace range works"}},{"type":"log","data":{"result":true,"message":"backspace works"}},{"type":"log","data":{"result":true,"message":"delete range works in a textarea"}},{"type":"log","data":{"result":true,"message":"character range works in a textarea"}},{"type":"log","data":{"result":true,"message":"backspace range works in a textarea"}},{"type":"log","data":{"result":true,"message":"return range works in a textarea"}},{"type":"testDone","data":{"name":"range tests","module":"funcunit/synthetic/key","failed":0,"passed":0,"total":0}},{"type":"testStart","data":{"name":"Type with tabs","module":"funcunit/synthetic/key"}},{"type":"log","data":{"result":true,"message":"clickd first"}},{"type":"log","data":{"result":true,"message":"moved to second"}},{"type":"log","data":{"result":true,"message":"moved to Third"}},{"type":"log","data":{"result":true,"message":"moved to Fourth"}}] on session b78668fe4fd74b44ad30e6a634b68c8a
16:21:37.355 INFO - Command request: getEval[Selenium.getResult(), ] on session b78668fe4fd74b44ad30e6a634b68c8a
16:21:37.400 INFO - Got result: OK,[{"type":"testDone","data":{"name":"Type with tabs","module":"funcunit/synthetic/key","failed":0,"passed":0,"total":0}},{"type":"testStart","data":{"name":"Type with shift tabs","module":"funcunit/synthetic/key"}},{"type":"log","data":{"result":true,"message":"clickd first"}},{"type":"log","data":{"result":true,"message":"moved to second"}},{"type":"log","data":{"result":true,"message":"moved to Third"}},{"type":"log","data":{"result":true,"message":"moved to Fourth"}},{"type":"testDone","data":{"name":"Type with shift tabs","module":"funcunit/synthetic/key","failed":0,"passed":0,"total":0}},{"type":"testStart","data":{"name":"Type left and right","module":"funcunit/synthetic/key"}},{"type":"log","data":{"result":true,"message":"left works"}},{"type":"log","data":{"result":true,"message":"right works"}},{"type":"testDone","data":{"name":"Type left and right","module":"funcunit/synthetic/key","failed":0,"passed":0,"total":0}},{"type":"testStart","data":{"name":"Type left and delete","module":"funcunit/synthetic/key"}},{"type":"log","data":{"result":true,"message":"left delete works"}},{"type":"testDone","data":{"name":"Type left and delete","module":"funcunit/synthetic/key","failed":0,"passed":0,"total":0}},{"type":"testStart","data":{"name":"Typing Shift","module":"funcunit/synthetic/key"}},{"type":"log","data":{"result":true,"message":"Shift key on"}},{"type":"testDone","data":{"name":"Typing Shift","module":"funcunit/synthetic/key","failed":0,"passed":0,"total":0}},{"type":"testStart","data":{"name":"Typing Shift then clicking","module":"funcunit/synthetic/key"}},{"type":"log","data":{"result":true,"message":"Shift key on click"}},{"type":"testDone","data":{"name":"Typing Shift then clicking","module":"funcunit/synthetic/key","failed":0,"passed":0,"total":0}},{"type":"testStart","data":{"name":"Typing Shift Left and Right","module":"funcunit/synthetic/key"}},{"type":"log","data":{"result":true,"message":"shift left works"}},{"type":"log","data":{"result":true,"message":"shift right works"}},{"type":"testDone","data":{"name":"Typing Shift Left and Right","module":"funcunit/synthetic/key","failed":0,"passed":0,"total":0}},{"type":"testStart","data":{"name":"shift characters","module":"funcunit/synthetic/key"}},{"type":"log","data":{"result":true,"message":"@ character works"}},{"type":"testDone","data":{"name":"shift characters","module":"funcunit/synthetic/key","failed":0,"passed":0,"total":0}},{"type":"testStart","data":{"name":"number key codes","module":"funcunit/synthetic/key"}},{"type":"log","data":{"result":true,"message":"key codes are numbers"}},{"type":"log","data":{"result":true,"message":"which is normalized"}}] on session b78668fe4fd74b44ad30e6a634b68c8a
16:21:37.816 INFO - Command request: getEval[Selenium.getResult(), ] on session b78668fe4fd74b44ad30e6a634b68c8a
16:21:37.899 INFO - Got result: OK,[{"type":"testDone","data":{"name":"number key codes","module":"funcunit/synthetic/key","failed":0,"passed":0,"total":0}},{"type":"testStart","data":{"name":"focus moves on keydown to another element","module":"funcunit/synthetic/key"}},{"type":"log","data":{"result":true,"message":"keypress called"}},{"type":"testDone","data":{"name":"focus moves on keydown to another element","module":"funcunit/synthetic/key","failed":0,"passed":0,"total":0}},{"type":"moduleDone","data":{"name":"funcunit/synthetic/key","failed":0,"passed":45,"total":45}},{"type":"moduleStart","data":{"name":"funcunit/syn/drag"}},{"type":"testStart","data":{"name":"dragging off the page","module":"funcunit/syn/drag"}}] on session b78668fe4fd74b44ad30e6a634b68c8a
16:21:38.256 INFO - Command request: getEval[Selenium.getResult(), ] on session b78668fe4fd74b44ad30e6a634b68c8a
16:21:38.262 INFO - Got result: OK,[{"type":"log","data":{"result":true,"message":"dropover fired correctly"}},{"type":"testDone","data":{"name":"dragging off the page","module":"funcunit/syn/drag","failed":0,"passed":0,"total":0}},{"type":"testStart","data":{"name":"move","module":"funcunit/syn/drag"}}] on session b78668fe4fd74b44ad30e6a634b68c8a
16:21:38.617 INFO - Command request: getEval[Selenium.getResult(), ] on session b78668fe4fd74b44ad30e6a634b68c8a
16:21:38.625 INFO - Got result: OK,[] on session b78668fe4fd74b44ad30e6a634b68c8a
16:21:38.979 INFO - Command request: getEval[Selenium.getResult(), ] on session b78668fe4fd74b44ad30e6a634b68c8a
16:21:38.984 INFO - Got result: OK,[] on session b78668fe4fd74b44ad30e6a634b68c8a
16:21:39.338 INFO - Command request: getEval[Selenium.getResult(), ] on session b78668fe4fd74b44ad30e6a634b68c8a
16:21:39.352 INFO - Got result: OK,[{"type":"log","data":{"result":true}},{"type":"log","data":{"result":true}},{"type":"log","data":{"result":true,"message":"target is right"}},{"type":"log","data":{"result":true,"message":"target is right"}},{"type":"log","data":{"result":true,"message":"target is right"}},{"type":"log","data":{"result":true,"message":"target is right"}},{"type":"testDone","data":{"name":"move","module":"funcunit/syn/drag","failed":0,"passed":0,"total":0}},{"type":"testStart","data":{"name":"dragging an element with duration","module":"funcunit/syn/drag"}}] on session b78668fe4fd74b44ad30e6a634b68c8a
16:21:39.722 INFO - Command request: getEval[Selenium.getResult(), ] on session b78668fe4fd74b44ad30e6a634b68c8a
16:21:39.732 INFO - Got result: OK,[] on session b78668fe4fd74b44ad30e6a634b68c8a
16:21:40.085 INFO - Command request: getEval[Selenium.getResult(), ] on session b78668fe4fd74b44ad30e6a634b68c8a
16:21:40.092 INFO - Got result: OK,[{"type":"log","data":{"result":true,"message":"draginit fired correctly"}},{"type":"log","data":{"result":true,"message":"dragmove fired correctly"}},{"type":"log","data":{"result":true,"message":"dragover not fired yet"}},{"type":"log","data":{"result":true,"message":"dropover fired correctly"}},{"type":"log","data":{"result":true,"message":"dropon not fired yet"}},{"type":"log","data":{"result":true,"message":"dropend fired"}}] on session b78668fe4fd74b44ad30e6a634b68c8a
16:21:40.448 INFO - Command request: getEval[Selenium.getResult(), ] on session b78668fe4fd74b44ad30e6a634b68c8a
16:21:40.453 INFO - Got result: OK,[] on session b78668fe4fd74b44ad30e6a634b68c8a
16:21:40.807 INFO - Command request: getEval[Selenium.getResult(), ] on session b78668fe4fd74b44ad30e6a634b68c8a
16:21:40.816 INFO - Got result: OK,[{"type":"log","data":{"result":true,"message":"dropinit fired correctly"}},{"type":"log","data":{"result":true,"message":"dropover fired correctly"}},{"type":"log","data":{"result":true,"message":"dropmove fired correctly"}},{"type":"log","data":{"result":true,"message":"dropon fired correctly"}}] on session b78668fe4fd74b44ad30e6a634b68c8a
16:21:41.172 INFO - Command request: getEval[Selenium.getResult(), ] on session b78668fe4fd74b44ad30e6a634b68c8a
16:21:41.182 INFO - Got result: OK,[] on session b78668fe4fd74b44ad30e6a634b68c8a
16:21:41.536 INFO - Command request: getEval[Selenium.getResult(), ] on session b78668fe4fd74b44ad30e6a634b68c8a
16:21:41.541 INFO - Got result: OK,[{"type":"log","data":{"result":true,"message":"dragout fired correctly"}},{"type":"log","data":{"result":true,"message":"dropout fired correctly"}},{"type":"testDone","data":{"name":"dragging an element with duration","module":"funcunit/syn/drag","failed":0,"passed":0,"total":0}},{"type":"moduleDone","data":{"name":"funcunit/syn/drag","failed":0,"passed":19,"total":19}},{"type":"done","data":{"failed":0,"passed":97,"total":97,"runtime":11442}}] on session b78668fe4fd74b44ad30e6a634b68c8a
16:21:41.548 INFO - Command request: close[, ] on session b78668fe4fd74b44ad30e6a634b68c8a
16:21:41.582 INFO - Got result: OK on session b78668fe4fd74b44ad30e6a634b68c8a
16:21:41.585 INFO - Command request: testComplete[, ] on session b78668fe4fd74b44ad30e6a634b68c8a
16:21:41.585 INFO - Killing Firefox...
16:21:41.631 INFO - Got result: OK on session b78668fe4fd74b44ad30e6a634b68c8a
